# JRE version: Java(TM) SE Runtime Environment (24.0.2+12) (build 24.0.2+12-54)
# Java VM: Java HotSpot(TM) 64-Bit Server VM (24.0.2+12-54, mixed mode, sharing, tiered, compressed oops, compressed class ptrs, g1 gc, windows-amd64)
GC Precious Log:
 CardTable entry size: 512
 Card Set container configuration: InlinePtr #cards 5 size 8 Array Of Cards #cards 10 size 36 Howl #buckets 4 coarsen threshold 1843 Howl Bitmap #cards 512 size 80 coarsen threshold 460 Card regions per heap region 1 cards per card region 2048
 CPUs: 4 total, 4 available
 Memory: 7879M
 Large Page Support: Disabled
 NUMA Support: Disabled
 Compressed Oops: Enabled (32-bit)
 Heap Region Size: 1M
 Heap Min Capacity: 8M
 Heap Initial Capacity: 124M
 Heap Max Capacity: 1970M
 Pre-touch: Disabled
 Parallel Workers: 4
 Concurrent Workers: 1
 Concurrent Refinement Workers: 4
 Periodic GC: Disabled
Heap:
 garbage-first heap   total reserved 2017280K, committed 70656K, used 43824K [0x0000000084e00000, 0x0000000100000000)
  region size 1024K, 12 young (12288K), 3 survivors (3072K)
 Metaspace       used 74420K, committed 75008K, reserved 1179648K
  class space    used 8640K, committed 8896K, reserved 1048576K
GC Heap History (20 events):
Event: 5.449 GC heap before
{Heap before GC invocations=7 (full 0):
 garbage-first heap   total reserved 2017280K, committed 58368K, used 29531K [0x0000000084e00000, 0x0000000100000000)
  region size 1024K, 10 young (10240K), 2 survivors (2048K)
 Metaspace       used 35738K, committed 36160K, reserved 1114112K
  class space    used 3783K, committed 3968K, reserved 1048576K
}
Event: 5.453 GC heap after
{Heap after GC invocations=8 (full 0):
 garbage-first heap   total reserved 2017280K, committed 58368K, used 22974K [0x0000000084e00000, 0x0000000100000000)
  region size 1024K, 3 young (3072K), 3 survivors (3072K)
 Metaspace       used 35738K, committed 36160K, reserved 1114112K
  class space    used 3783K, committed 3968K, reserved 1048576K
}
Event: 6.398 GC heap before
{Heap before GC invocations=9 (full 0):
 garbage-first heap   total reserved 2017280K, committed 58368K, used 47550K [0x0000000084e00000, 0x0000000100000000)
  region size 1024K, 27 young (27648K), 3 survivors (3072K)
 Metaspace       used 43348K, committed 43712K, reserved 1114112K
  class space    used 4587K, committed 4736K, reserved 1048576K
}
Event: 6.403 GC heap after
{Heap after GC invocations=10 (full 0):
 garbage-first heap   total reserved 2017280K, committed 58368K, used 24785K [0x0000000084e00000, 0x0000000100000000)
  region size 1024K, 3 young (3072K), 3 survivors (3072K)
 Metaspace       used 43348K, committed 43712K, reserved 1114112K
  class space    used 4587K, committed 4736K, reserved 1048576K
}
Event: 7.092 GC heap before
{Heap before GC invocations=10 (full 0):
 garbage-first heap   total reserved 2017280K, committed 58368K, used 47313K [0x0000000084e00000, 0x0000000100000000)
  region size 1024K, 26 young (26624K), 3 survivors (3072K)
 Metaspace       used 48674K, committed 49152K, reserved 1114112K
  class space    used 5106K, committed 5312K, reserved 1048576K
}
Event: 7.098 GC heap after
{Heap after GC invocations=11 (full 0):
 garbage-first heap   total reserved 2017280K, committed 58368K, used 26251K [0x0000000084e00000, 0x0000000100000000)
  region size 1024K, 4 young (4096K), 4 survivors (4096K)
 Metaspace       used 48674K, committed 49152K, reserved 1114112K
  class space    used 5106K, committed 5312K, reserved 1048576K
}
Event: 7.752 GC heap before
{Heap before GC invocations=11 (full 0):
 garbage-first heap   total reserved 2017280K, committed 58368K, used 47755K [0x0000000084e00000, 0x0000000100000000)
  region size 1024K, 26 young (26624K), 4 survivors (4096K)
 Metaspace       used 55881K, committed 56384K, reserved 1114112K
  class space    used 6031K, committed 6272K, reserved 1048576K
}
Event: 7.757 GC heap after
{Heap after GC invocations=12 (full 0):
 garbage-first heap   total reserved 2017280K, committed 58368K, used 27621K [0x0000000084e00000, 0x0000000100000000)
  region size 1024K, 3 young (3072K), 3 survivors (3072K)
 Metaspace       used 55881K, committed 56384K, reserved 1114112K
  class space    used 6031K, committed 6272K, reserved 1048576K
}
Event: 8.236 GC heap before
{Heap before GC invocations=12 (full 0):
 garbage-first heap   total reserved 2017280K, committed 58368K, used 45029K [0x0000000084e00000, 0x0000000100000000)
  region size 1024K, 22 young (22528K), 3 survivors (3072K)
 Metaspace       used 60263K, committed 60736K, reserved 1114112K
  class space    used 6514K, committed 6720K, reserved 1048576K
}
Event: 8.241 GC heap after
{Heap after GC invocations=13 (full 0):
 garbage-first heap   total reserved 2017280K, committed 58368K, used 28461K [0x0000000084e00000, 0x0000000100000000)
  region size 1024K, 3 young (3072K), 3 survivors (3072K)
 Metaspace       used 60263K, committed 60736K, reserved 1114112K
  class space    used 6514K, committed 6720K, reserved 1048576K
}
Event: 8.804 GC heap before
{Heap before GC invocations=14 (full 0):
 garbage-first heap   total reserved 2017280K, committed 58368K, used 49965K [0x0000000084e00000, 0x0000000100000000)
  region size 1024K, 24 young (24576K), 3 survivors (3072K)
 Metaspace       used 63163K, committed 63680K, reserved 1114112K
  class space    used 6816K, committed 7040K, reserved 1048576K
}
Event: 8.808 GC heap after
{Heap after GC invocations=15 (full 0):
 garbage-first heap   total reserved 2017280K, committed 58368K, used 30469K [0x0000000084e00000, 0x0000000100000000)
  region size 1024K, 3 young (3072K), 3 survivors (3072K)
 Metaspace       used 63163K, committed 63680K, reserved 1114112K
  class space    used 6816K, committed 7040K, reserved 1048576K
}
Event: 9.145 GC heap before
{Heap before GC invocations=15 (full 0):
 garbage-first heap   total reserved 2017280K, committed 58368K, used 49925K [0x0000000084e00000, 0x0000000100000000)
  region size 1024K, 23 young (23552K), 3 survivors (3072K)
 Metaspace       used 65838K, committed 66368K, reserved 1114112K
  class space    used 7341K, committed 7552K, reserved 1048576K
}
Event: 9.151 GC heap after
{Heap after GC invocations=16 (full 0):
 garbage-first heap   total reserved 2017280K, committed 58368K, used 31799K [0x0000000084e00000, 0x0000000100000000)
  region size 1024K, 2 young (2048K), 2 survivors (2048K)
 Metaspace       used 65838K, committed 66368K, reserved 1114112K
  class space    used 7341K, committed 7552K, reserved 1048576K
}
Event: 9.477 GC heap before
{Heap before GC invocations=16 (full 0):
 garbage-first heap   total reserved 2017280K, committed 58368K, used 50231K [0x0000000084e00000, 0x0000000100000000)
  region size 1024K, 21 young (21504K), 2 survivors (2048K)
 Metaspace       used 67918K, committed 68416K, reserved 1114112K
  class space    used 7786K, committed 8000K, reserved 1048576K
}
Event: 9.482 GC heap after
{Heap after GC invocations=17 (full 0):
 garbage-first heap   total reserved 2017280K, committed 58368K, used 33138K [0x0000000084e00000, 0x0000000100000000)
  region size 1024K, 3 young (3072K), 3 survivors (3072K)
 Metaspace       used 67918K, committed 68416K, reserved 1114112K
  class space    used 7786K, committed 8000K, reserved 1048576K
}
Event: 9.878 GC heap before
{Heap before GC invocations=18 (full 0):
 garbage-first heap   total reserved 2017280K, committed 58368K, used 49522K [0x0000000084e00000, 0x0000000100000000)
  region size 1024K, 20 young (20480K), 3 survivors (3072K)
 Metaspace       used 70891K, committed 71424K, reserved 1114112K
  class space    used 8234K, committed 8448K, reserved 1048576K
}
Event: 9.883 GC heap after
{Heap after GC invocations=19 (full 0):
 garbage-first heap   total reserved 2017280K, committed 58368K, used 34739K [0x0000000084e00000, 0x0000000100000000)
  region size 1024K, 3 young (3072K), 3 survivors (3072K)
 Metaspace       used 70891K, committed 71424K, reserved 1114112K
  class space    used 8234K, committed 8448K, reserved 1048576K
}
Event: 10.324 GC heap before
{Heap before GC invocations=19 (full 0):
 garbage-first heap   total reserved 2017280K, committed 58368K, used 51123K [0x0000000084e00000, 0x0000000100000000)
  region size 1024K, 19 young (19456K), 3 survivors (3072K)
 Metaspace       used 73146K, committed 73728K, reserved 1114112K
  class space    used 8496K, committed 8768K, reserved 1048576K
}
Event: 10.330 GC heap after
{Heap after GC invocations=20 (full 0):
 garbage-first heap   total reserved 2017280K, committed 70656K, used 35632K [0x0000000084e00000, 0x0000000100000000)
  region size 1024K, 3 young (3072K), 3 survivors (3072K)
 Metaspace       used 73146K, committed 73728K, reserved 1114112K
  class space    used 8496K, committed 8768K, reserved 1048576K
}

